{"/Users/kaptenjack/Documents/Universitet/PKD/Code/PKD-Project-Group-15/src/encryption.ts": {"path":"/Users/kaptenjack/Documents/Universitet/PKD/Code/PKD-Project-Group-15/src/encryption.ts","statementMap":{"0":{"start":{"line":9,"column":0},"end":{"line":9,"column":16}},"1":{"start":{"line":23,"column":0},"end":{"line":23,"column":16}},"2":{"start":{"line":51,"column":0},"end":{"line":51,"column":16}},"3":{"start":{"line":1,"column":0},"end":{"line":1,"column":54}},"4":{"start":{"line":2,"column":0},"end":{"line":2,"column":123}},"5":{"start":{"line":3,"column":0},"end":{"line":3,"column":37}},"6":{"start":{"line":10,"column":23},"end":{"line":10,"column":43}},"7":{"start":{"line":12,"column":4},"end":{"line":12,"column":35}},"8":{"start":{"line":14,"column":36},"end":{"line":14,"column":54}},"9":{"start":{"line":16,"column":4},"end":{"line":16,"column":27}},"10":{"start":{"line":24,"column":4},"end":{"line":43,"column":5}},"11":{"start":{"line":25,"column":46},"end":{"line":25,"column":68}},"12":{"start":{"line":27,"column":46},"end":{"line":27,"column":61}},"13":{"start":{"line":29,"column":44},"end":{"line":29,"column":69}},"14":{"start":{"line":31,"column":41},"end":{"line":31,"column":64}},"15":{"start":{"line":33,"column":31},"end":{"line":33,"column":65}},"16":{"start":{"line":35,"column":49},"end":{"line":35,"column":72}},"17":{"start":{"line":37,"column":8},"end":{"line":37,"column":63}},"18":{"start":{"line":39,"column":8},"end":{"line":39,"column":66}},"19":{"start":{"line":42,"column":8},"end":{"line":42,"column":51}},"20":{"start":{"line":52,"column":4},"end":{"line":73,"column":5}},"21":{"start":{"line":53,"column":50},"end":{"line":53,"column":72}},"22":{"start":{"line":55,"column":46},"end":{"line":55,"column":67}},"23":{"start":{"line":57,"column":55},"end":{"line":57,"column":73}},"24":{"start":{"line":59,"column":41},"end":{"line":59,"column":64}},"25":{"start":{"line":61,"column":44},"end":{"line":61,"column":69}},"26":{"start":{"line":63,"column":35},"end":{"line":63,"column":71}},"27":{"start":{"line":65,"column":49},"end":{"line":65,"column":79}},"28":{"start":{"line":67,"column":8},"end":{"line":67,"column":65}},"29":{"start":{"line":69,"column":8},"end":{"line":69,"column":43}},"30":{"start":{"line":72,"column":8},"end":{"line":72,"column":51}},"31":{"start":{"line":82,"column":31},"end":{"line":82,"column":33}},"32":{"start":{"line":83,"column":31},"end":{"line":83,"column":37}},"33":{"start":{"line":84,"column":27},"end":{"line":84,"column":33}},"34":{"start":{"line":86,"column":4},"end":{"line":86,"column":70}},"35":{"start":{"line":95,"column":31},"end":{"line":95,"column":33}},"36":{"start":{"line":96,"column":31},"end":{"line":96,"column":37}},"37":{"start":{"line":97,"column":27},"end":{"line":97,"column":35}},"38":{"start":{"line":99,"column":4},"end":{"line":99,"column":70}},"39":{"start":{"line":103,"column":26},"end":{"line":103,"column":39}}},"fnMap":{"0":{"name":"get_hash","decl":{"start":{"line":9,"column":16},"end":{"line":9,"column":24}},"loc":{"start":{"line":9,"column":41},"end":{"line":17,"column":1}}},"1":{"name":"encrypt_file","decl":{"start":{"line":23,"column":16},"end":{"line":23,"column":28}},"loc":{"start":{"line":23,"column":63},"end":{"line":44,"column":1}}},"2":{"name":"decrypt_file","decl":{"start":{"line":51,"column":16},"end":{"line":51,"column":28}},"loc":{"start":{"line":51,"column":63},"end":{"line":74,"column":1}}},"3":{"name":"create_iv","decl":{"start":{"line":81,"column":9},"end":{"line":81,"column":18}},"loc":{"start":{"line":81,"column":62},"end":{"line":87,"column":1}}},"4":{"name":"get_key","decl":{"start":{"line":94,"column":9},"end":{"line":94,"column":16}},"loc":{"start":{"line":94,"column":60},"end":{"line":100,"column":1}}}},"branchMap":{},"s":{"0":1,"1":1,"2":1,"3":1,"4":1,"5":1,"6":4,"7":4,"8":4,"9":4,"10":4,"11":4,"12":3,"13":3,"14":3,"15":3,"16":3,"17":3,"18":3,"19":1,"20":2,"21":2,"22":2,"23":2,"24":2,"25":2,"26":2,"27":2,"28":2,"29":1,"30":1,"31":5,"32":5,"33":5,"34":5,"35":5,"36":5,"37":5,"38":5,"39":1},"f":{"0":4,"1":4,"2":2,"3":5,"4":5},"b":{}}
}
