TN:
SF:encryption.ts
FN:9,get_hash
FN:23,encrypt_file
FN:51,decrypt_file
FN:81,create_iv
FN:94,get_key
FNF:5
FNH:5
FNDA:4,get_hash
FNDA:4,encrypt_file
FNDA:2,decrypt_file
FNDA:5,create_iv
FNDA:5,get_key
DA:1,1
DA:2,1
DA:3,1
DA:9,1
DA:10,4
DA:12,4
DA:14,4
DA:16,4
DA:23,1
DA:24,4
DA:25,4
DA:27,3
DA:29,3
DA:31,3
DA:33,3
DA:35,3
DA:37,3
DA:39,3
DA:42,1
DA:51,1
DA:52,2
DA:53,2
DA:55,2
DA:57,2
DA:59,2
DA:61,2
DA:63,2
DA:65,2
DA:67,2
DA:69,1
DA:72,1
DA:82,5
DA:83,5
DA:84,5
DA:86,5
DA:95,5
DA:96,5
DA:97,5
DA:99,5
DA:103,1
LF:40
LH:40
BRF:0
BRH:0
end_of_record
